<?xml version="1.0" encoding="UTF-8" ?>
<testsuite tests="11" failures="0" name="TestRunner" time="0.003" errors="0" skipped="0">
  <properties>
[...]
</properties>
  <testcase classname="Scenario: Sign-in functional testing" name="Given I navigate to the certain page" time="0.002"/>
  <testcase classname="Scenario: Sign-in functional testing" name="When I click the sign up button" time="0"/>
  <testcase classname="Scenario: Sign-in functional testing" name="And I fill in the account and password" time="0"/>
  <testcase classname="Scenario: Sign-in functional testing" name="Then I go to a welcome page" time="0"/>
  <testcase classname="Scenario: Sign-in functional testing" name="Scenario: Sign-in functional testing" time="0"/>
  <testcase classname="Scenario: Purchase product functional testing" name="Given I am at homepage" time="0"/>
  <testcase classname="Scenario: Purchase product functional testing" name="When I search for a certain product &quot;软件测试&quot;" time="0"/>
  <testcase classname="Scenario: Purchase product functional testing" name="And I click the product I want to purchase" time="0"/>
  <testcase classname="Scenario: Purchase product functional testing" name="Then Page shows that the product has been added to your shopping cart" time="0"/>
  <testcase classname="Scenario: Purchase product functional testing" name="And Delete the product in shopping cart" time="0"/>
  <testcase classname="Scenario: Purchase product functional testing" name="Scenario: Purchase product functional testing" time="0.001"/>
</testsuite>